2026-02-03 10:01;10 [restartedMain] INFO  $logger{36} - Starting TodoListApiApplication using Java 21.0.9 with PID 15368 (C:\Users\maria\OneDrive\Área de Trabalho\ADA\to-do-list\todo-list-api\target\classes started by maria in C:\Users\maria\OneDrive\Área de Trabalho\ADA\to-do-list\todo-list-api)
2026-02-03 10:01;10 [restartedMain] INFO  $logger{36} - The following 1 profile is active: "H2"
2026-02-03 10:01;10 [restartedMain] INFO  $logger{36} - Devtools property defaults active! Set 'spring.devtools.add-properties' to 'false' to disable
2026-02-03 10:01;10 [restartedMain] INFO  $logger{36} - For additional web related logging consider setting the 'logging.level.web' property to 'DEBUG'
2026-02-03 10:01;11 [restartedMain] INFO  $logger{36} - Bootstrapping Spring Data JPA repositories in DEFAULT mode.
2026-02-03 10:01;11 [restartedMain] INFO  $logger{36} - Finished Spring Data repository scanning in 90 ms. Found 2 JPA repository interfaces.
2026-02-03 10:01;12 [restartedMain] INFO  $logger{36} - Tomcat initialized with port 8080 (http)
2026-02-03 10:01;12 [restartedMain] INFO  $logger{36} - Starting service [Tomcat]
2026-02-03 10:01;12 [restartedMain] INFO  $logger{36} - Starting Servlet engine: [Apache Tomcat/10.1.20]
2026-02-03 10:01;12 [restartedMain] INFO  $logger{36} - Initializing Spring embedded WebApplicationContext
2026-02-03 10:01;12 [restartedMain] INFO  $logger{36} - Root WebApplicationContext: initialization completed in 2477 ms
2026-02-03 10:01;12 [restartedMain] INFO  $logger{36} - HikariPool-1 - Starting...
2026-02-03 10:01;13 [restartedMain] INFO  $logger{36} - HikariPool-1 - Added connection conn0: url=jdbc:h2:mem:todo-db user=MR
2026-02-03 10:01;13 [restartedMain] INFO  $logger{36} - HikariPool-1 - Start completed.
2026-02-03 10:01;13 [restartedMain] INFO  $logger{36} - H2 console available at '/h2-console'. Database available at 'jdbc:h2:mem:todo-db'
2026-02-03 10:01;13 [restartedMain] INFO  $logger{36} - HHH000204: Processing PersistenceUnitInfo [name: default]
2026-02-03 10:01;13 [restartedMain] INFO  $logger{36} - HHH000412: Hibernate ORM core version 6.4.4.Final
2026-02-03 10:01;14 [restartedMain] INFO  $logger{36} - HHH000026: Second-level cache disabled
2026-02-03 10:01;16 [restartedMain] INFO  $logger{36} - No LoadTimeWeaver setup: ignoring JPA class transformer
2026-02-03 10:01;16 [restartedMain] WARN  $logger{36} - HHH90000025: H2Dialect does not need to be specified explicitly using 'hibernate.dialect' (remove the property setting and it will be selected by default)
2026-02-03 10:01;17 [restartedMain] INFO  $logger{36} - HHH000489: No JTA platform available (set 'hibernate.transaction.jta.platform' to enable JTA platform integration)
2026-02-03 10:01;17 [restartedMain] INFO  $logger{36} - Initialized JPA EntityManagerFactory for persistence unit 'default'
2026-02-03 10:01;17 [restartedMain] WARN  $logger{36} - spring.jpa.open-in-view is enabled by default. Therefore, database queries may be performed during view rendering. Explicitly configure spring.jpa.open-in-view to disable this warning
2026-02-03 10:01;18 [restartedMain] WARN  $logger{36} - Exception encountered during context initialization - cancelling refresh attempt: org.springframework.beans.factory.BeanCreationException: Error creating bean with name 'taskRepository' defined in tech.ada.java.todolistapi.repository.TaskRepository defined in @EnableJpaRepositories declared on JpaRepositoriesRegistrar.EnableJpaRepositoriesConfiguration: Could not create query for public abstract java.util.List tech.ada.java.todolistapi.repository.TaskRepository.findByParticipantId(java.lang.Long); Reason: Failed to create query for method public abstract java.util.List tech.ada.java.todolistapi.repository.TaskRepository.findByParticipantId(java.lang.Long); No property 'participantId' found for type 'Task'; Did you mean 'participants'
2026-02-03 10:01;18 [restartedMain] INFO  $logger{36} - Closing JPA EntityManagerFactory for persistence unit 'default'
2026-02-03 10:01;18 [restartedMain] WARN  $logger{36} - Invocation of destroy method failed on bean with name 'inMemoryDatabaseShutdownExecutor': org.h2.jdbc.JdbcSQLNonTransientConnectionException: Database is already closed (to disable automatic closing at VM shutdown, add ";DB_CLOSE_ON_EXIT=FALSE" to the db URL) [90121-224]
2026-02-03 10:01;18 [restartedMain] INFO  $logger{36} - HikariPool-1 - Shutdown initiated...
2026-02-03 10:01;18 [restartedMain] INFO  $logger{36} - HikariPool-1 - Shutdown completed.
2026-02-03 10:01;18 [restartedMain] INFO  $logger{36} - Stopping service [Tomcat]
2026-02-03 10:01;18 [restartedMain] INFO  $logger{36} - 

Error starting ApplicationContext. To display the condition evaluation report re-run your application with 'debug' enabled.
2026-02-03 10:01;18 [restartedMain] ERROR $logger{36} - Application run failed
org.springframework.beans.factory.BeanCreationException: Error creating bean with name 'taskRepository' defined in tech.ada.java.todolistapi.repository.TaskRepository defined in @EnableJpaRepositories declared on JpaRepositoriesRegistrar.EnableJpaRepositoriesConfiguration: Could not create query for public abstract java.util.List tech.ada.java.todolistapi.repository.TaskRepository.findByParticipantId(java.lang.Long); Reason: Failed to create query for method public abstract java.util.List tech.ada.java.todolistapi.repository.TaskRepository.findByParticipantId(java.lang.Long); No property 'participantId' found for type 'Task'; Did you mean 'participants'
	at org.springframework.beans.factory.support.AbstractAutowireCapableBeanFactory.initializeBean(AbstractAutowireCapableBeanFactory.java:1786)
	at org.springframework.beans.factory.support.AbstractAutowireCapableBeanFactory.doCreateBean(AbstractAutowireCapableBeanFactory.java:600)
	at org.springframework.beans.factory.support.AbstractAutowireCapableBeanFactory.createBean(AbstractAutowireCapableBeanFactory.java:522)
	at org.springframework.beans.factory.support.AbstractBeanFactory.lambda$doGetBean$0(AbstractBeanFactory.java:326)
	at org.springframework.beans.factory.support.DefaultSingletonBeanRegistry.getSingleton(DefaultSingletonBeanRegistry.java:234)
	at org.springframework.beans.factory.support.AbstractBeanFactory.doGetBean(AbstractBeanFactory.java:324)
	at org.springframework.beans.factory.support.AbstractBeanFactory.getBean(AbstractBeanFactory.java:200)
	at org.springframework.beans.factory.support.DefaultListableBeanFactory.preInstantiateSingletons(DefaultListableBeanFactory.java:969)
	at org.springframework.context.support.AbstractApplicationContext.finishBeanFactoryInitialization(AbstractApplicationContext.java:962)
	at org.springframework.context.support.AbstractApplicationContext.refresh(AbstractApplicationContext.java:624)
	at org.springframework.boot.web.servlet.context.ServletWebServerApplicationContext.refresh(ServletWebServerApplicationContext.java:146)
	at org.springframework.boot.SpringApplication.refresh(SpringApplication.java:754)
	at org.springframework.boot.SpringApplication.refreshContext(SpringApplication.java:456)
	at org.springframework.boot.SpringApplication.run(SpringApplication.java:334)
	at org.springframework.boot.SpringApplication.run(SpringApplication.java:1354)
	at org.springframework.boot.SpringApplication.run(SpringApplication.java:1343)
	at tech.ada.java.todolistapi.TodoListApiApplication.main(TodoListApiApplication.java:10)
	at java.base/jdk.internal.reflect.DirectMethodHandleAccessor.invoke(DirectMethodHandleAccessor.java:103)
	at java.base/java.lang.reflect.Method.invoke(Method.java:580)
	at org.springframework.boot.devtools.restart.RestartLauncher.run(RestartLauncher.java:50)
Caused by: org.springframework.data.repository.query.QueryCreationException: Could not create query for public abstract java.util.List tech.ada.java.todolistapi.repository.TaskRepository.findByParticipantId(java.lang.Long); Reason: Failed to create query for method public abstract java.util.List tech.ada.java.todolistapi.repository.TaskRepository.findByParticipantId(java.lang.Long); No property 'participantId' found for type 'Task'; Did you mean 'participants'
	at org.springframework.data.repository.query.QueryCreationException.create(QueryCreationException.java:101)
	at org.springframework.data.repository.core.support.QueryExecutorMethodInterceptor.lookupQuery(QueryExecutorMethodInterceptor.java:115)
	at org.springframework.data.repository.core.support.QueryExecutorMethodInterceptor.mapMethodsToQuery(QueryExecutorMethodInterceptor.java:99)
	at org.springframework.data.repository.core.support.QueryExecutorMethodInterceptor.lambda$new$0(QueryExecutorMethodInterceptor.java:88)
	at java.base/java.util.Optional.map(Optional.java:260)
	at org.springframework.data.repository.core.support.QueryExecutorMethodInterceptor.<init>(QueryExecutorMethodInterceptor.java:88)
	at org.springframework.data.repository.core.support.RepositoryFactorySupport.getRepository(RepositoryFactorySupport.java:357)
	at org.springframework.data.repository.core.support.RepositoryFactoryBeanSupport.lambda$afterPropertiesSet$5(RepositoryFactoryBeanSupport.java:279)
	at org.springframework.data.util.Lazy.getNullable(Lazy.java:135)
	at org.springframework.data.util.Lazy.get(Lazy.java:113)
	at org.springframework.data.repository.core.support.RepositoryFactoryBeanSupport.afterPropertiesSet(RepositoryFactoryBeanSupport.java:285)
	at org.springframework.data.jpa.repository.support.JpaRepositoryFactoryBean.afterPropertiesSet(JpaRepositoryFactoryBean.java:132)
	at org.springframework.beans.factory.support.AbstractAutowireCapableBeanFactory.invokeInitMethods(AbstractAutowireCapableBeanFactory.java:1833)
	at org.springframework.beans.factory.support.AbstractAutowireCapableBeanFactory.initializeBean(AbstractAutowireCapableBeanFactory.java:1782)
	... 19 common frames omitted
Caused by: java.lang.IllegalArgumentException: Failed to create query for method public abstract java.util.List tech.ada.java.todolistapi.repository.TaskRepository.findByParticipantId(java.lang.Long); No property 'participantId' found for type 'Task'; Did you mean 'participants'
	at org.springframework.data.jpa.repository.query.PartTreeJpaQuery.<init>(PartTreeJpaQuery.java:106)
	at org.springframework.data.jpa.repository.query.JpaQueryLookupStrategy$CreateQueryLookupStrategy.resolveQuery(JpaQueryLookupStrategy.java:124)
	at org.springframework.data.jpa.repository.query.JpaQueryLookupStrategy$CreateIfNotFoundQueryLookupStrategy.resolveQuery(JpaQueryLookupStrategy.java:258)
	at org.springframework.data.jpa.repository.query.JpaQueryLookupStrategy$AbstractQueryLookupStrategy.resolveQuery(JpaQueryLookupStrategy.java:95)
	at org.springframework.data.repository.core.support.QueryExecutorMethodInterceptor.lookupQuery(QueryExecutorMethodInterceptor.java:111)
	... 31 common frames omitted
Caused by: org.springframework.data.mapping.PropertyReferenceException: No property 'participantId' found for type 'Task'; Did you mean 'participants'
	at org.springframework.data.mapping.PropertyPath.<init>(PropertyPath.java:90)
	at org.springframework.data.mapping.PropertyPath.create(PropertyPath.java:443)
	at org.springframework.data.mapping.PropertyPath.create(PropertyPath.java:419)
	at org.springframework.data.mapping.PropertyPath.lambda$from$0(PropertyPath.java:372)
	at java.base/java.util.concurrent.ConcurrentMap.computeIfAbsent(ConcurrentMap.java:330)
	at org.springframework.data.mapping.PropertyPath.from(PropertyPath.java:354)
	at org.springframework.data.mapping.PropertyPath.from(PropertyPath.java:332)
	at org.springframework.data.repository.query.parser.Part.<init>(Part.java:81)
	at org.springframework.data.repository.query.parser.PartTree$OrPart.lambda$new$0(PartTree.java:259)
	at java.base/java.util.stream.ReferencePipeline$3$1.accept(ReferencePipeline.java:197)
	at java.base/java.util.stream.ReferencePipeline$2$1.accept(ReferencePipeline.java:179)
	at java.base/java.util.Spliterators$ArraySpliterator.forEachRemaining(Spliterators.java:1024)
	at java.base/java.util.stream.AbstractPipeline.copyInto(AbstractPipeline.java:509)
	at java.base/java.util.stream.AbstractPipeline.wrapAndCopyInto(AbstractPipeline.java:499)
	at java.base/java.util.stream.ReduceOps$ReduceOp.evaluateSequential(ReduceOps.java:921)
	at java.base/java.util.stream.AbstractPipeline.evaluate(AbstractPipeline.java:234)
	at java.base/java.util.stream.ReferencePipeline.collect(ReferencePipeline.java:682)
	at org.springframework.data.repository.query.parser.PartTree$OrPart.<init>(PartTree.java:260)
	at org.springframework.data.repository.query.parser.PartTree$Predicate.lambda$new$0(PartTree.java:389)
	at java.base/java.util.stream.ReferencePipeline$3$1.accept(ReferencePipeline.java:197)
	at java.base/java.util.stream.ReferencePipeline$2$1.accept(ReferencePipeline.java:179)
	at java.base/java.util.Spliterators$ArraySpliterator.forEachRemaining(Spliterators.java:1024)
	at java.base/java.util.stream.AbstractPipeline.copyInto(AbstractPipeline.java:509)
	at java.base/java.util.stream.AbstractPipeline.wrapAndCopyInto(AbstractPipeline.java:499)
	at java.base/java.util.stream.ReduceOps$ReduceOp.evaluateSequential(ReduceOps.java:921)
	at java.base/java.util.stream.AbstractPipeline.evaluate(AbstractPipeline.java:234)
	at java.base/java.util.stream.ReferencePipeline.collect(ReferencePipeline.java:682)
	at org.springframework.data.repository.query.parser.PartTree$Predicate.<init>(PartTree.java:390)
	at org.springframework.data.repository.query.parser.PartTree.<init>(PartTree.java:103)
	at org.springframework.data.jpa.repository.query.PartTreeJpaQuery.<init>(PartTreeJpaQuery.java:100)
	... 35 common frames omitted
